#
# There is insufficient memory for the Java Runtime Environment to continue.
# Native memory allocation (mmap) failed to map 65536 bytes for Failed to commit area from 0x0000017bc13f0000 to 0x0000017bc1400000 of length 65536.
# Possible reasons:
#   The system is out of physical RAM or swap space
#   The process is running with CompressedOops enabled, and the Java Heap may be blocking the growth of the native heap
# Possible solutions:
#   Reduce memory load on the system
#   Increase physical memory or swap space
#   Check if swap backing store is full
#   Decrease Java heap size (-Xmx/-Xms)
#   Decrease number of Java threads
#   Decrease Java thread stack sizes (-Xss)
#   Set larger code cache with -XX:ReservedCodeCacheSize=
# This output file may be truncated or incomplete.
#
#  Out of Memory Error (./src/hotspot/os/windows/os_windows.cpp:3387), pid=12336, tid=15840
#
# JRE version:  (11.0.14.1+1) (build )
# Java VM: OpenJDK 64-Bit Server VM (11.0.14.1+1, mixed mode, sharing, tiered, compressed oops, g1 gc, windows-amd64)
# No core dump will be written. Minidumps are not enabled by default on client versions of Windows
#

---------------  S U M M A R Y ------------

Command Line: 

Host: AMD Ryzen 7 5700G with Radeon Graphics         , 16 cores, 15G,  Windows 10 , 64 bit Build 19041 (10.0.19041.3636)
Time: Sun Mar 10 13:31:08 2024 RTZ 2 (зима) elapsed time: 0.008897 seconds (0d 0h 0m 0s)

---------------  T H R E A D  ---------------

Current thread (0x0000017ba3a90000):  JavaThread "Unknown thread" [_thread_in_vm, id=15840, stack(0x0000004c3db00000,0x0000004c3dc00000)]

Stack: [0x0000004c3db00000,0x0000004c3dc00000]
Native frames: (J=compiled Java code, j=interpreted, Vv=VM code, C=native code)
V  [jvm.dll+0x61e59a]
V  [jvm.dll+0x7aaca9]
V  [jvm.dll+0x7ac398]
V  [jvm.dll+0x7aca73]
V  [jvm.dll+0x24f9b8]
V  [jvm.dll+0x61b83a]
V  [jvm.dll+0x6100c5]
V  [jvm.dll+0x30772c]
V  [jvm.dll+0x3075b2]
V  [jvm.dll+0x30c3f0]
V  [jvm.dll+0x352755]
V  [jvm.dll+0x352160]
V  [jvm.dll+0x2e4728]
V  [jvm.dll+0x2e5886]
V  [jvm.dll+0x784b07]
V  [jvm.dll+0x78628f]
V  [jvm.dll+0x35f479]
V  [jvm.dll+0x767aa0]
V  [jvm.dll+0x3ccf1f]
V  [jvm.dll+0x3cf2b1]
C  [jli.dll+0x5207]
C  [ucrtbase.dll+0x21bb2]
C  [KERNEL32.DLL+0x17344]
C  [ntdll.dll+0x526b1]


---------------  P R O C E S S  ---------------

Threads class SMR info:
_java_thread_list=0x0000017ba17e27b0, length=0, elements={
}

Java Threads: ( => current thread )

Other Threads:
  0x0000017ba3aa8000 GCTaskThread "GC Thread#0" [stack: 0x0000004c3dc00000,0x0000004c3dd00000] [id=16936]
  0x0000017ba3b09800 ConcurrentGCThread "G1 Main Marker" [stack: 0x0000004c3dd00000,0x0000004c3de00000] [id=17688]
  0x0000017ba3b0a800 ConcurrentGCThread "G1 Conc#0" [stack: 0x0000004c3de00000,0x0000004c3df00000] [id=23996]

[error occurred during error reporting (printing all threads), id 0xc0000005, EXCEPTION_ACCESS_VIOLATION (0xc0000005) at pc=0x00007ff88f4f3ef7]

VM state:not at safepoint (not fully initialized)

VM Mutex/Monitor currently owned by a thread:  ([mutex/lock_event])
[0x0000017ba3a8b2b0] Heap_lock - owner thread: 0x0000017ba3a90000

Heap address: 0x0000000702000000, size: 4064 MB, Compressed Oops mode: Non-zero based: 0x0000000702000000
Narrow klass base: 0x0000000000000000, Narrow klass shift: 0

GC Heap History (0 events):
No events

Deoptimization events (0 events):
No events

Classes redefined (0 events):
No events

Internal exceptions (0 events):
No events

Events (1 events):
Event: 0.004 Loaded shared library C:\Program Files\Unity\Hub\Editor\2022.3.15f1\Editor\Data\PlaybackEngines\AndroidPlayer\OpenJDK\bin\zip.dll


Dynamic libraries:
0x00007ff6829d0000 - 0x00007ff6829dd000 	C:\Program Files\Unity\Hub\Editor\2022.3.15f1\Editor\Data\PlaybackEngines\AndroidPlayer\OpenJDK\bin\java.exe
0x00007ff938930000 - 0x00007ff938b28000 	C:\Windows\SYSTEM32\ntdll.dll
0x00007ff937eb0000 - 0x00007ff937f6d000 	C:\Windows\System32\KERNEL32.DLL
0x00007ff936080000 - 0x00007ff936376000 	C:\Windows\System32\KERNELBASE.dll
0x00007ff936400000 - 0x00007ff936500000 	C:\Windows\System32\ucrtbase.dll
0x00007ff91fb40000 - 0x00007ff91fb57000 	C:\Program Files\Unity\Hub\Editor\2022.3.15f1\Editor\Data\PlaybackEngines\AndroidPlayer\OpenJDK\bin\jli.dll
0x00007ff91ed60000 - 0x00007ff91ed75000 	C:\Program Files\Unity\Hub\Editor\2022.3.15f1\Editor\Data\PlaybackEngines\AndroidPlayer\OpenJDK\bin\VCRUNTIME140.dll
0x00007ff9377a0000 - 0x00007ff93793e000 	C:\Windows\System32\USER32.dll
0x00007ff921800000 - 0x00007ff921a9a000 	C:\Windows\WinSxS\amd64_microsoft.windows.common-controls_6595b64144ccf1df_6.0.19041.3636_none_60b6a03d71f818d5\COMCTL32.dll
0x00007ff9363d0000 - 0x00007ff9363f2000 	C:\Windows\System32\win32u.dll
0x00007ff937f80000 - 0x00007ff93801e000 	C:\Windows\System32\msvcrt.dll
0x00007ff9369f0000 - 0x00007ff936a1b000 	C:\Windows\System32\GDI32.dll
0x00007ff9367e0000 - 0x00007ff9368f7000 	C:\Windows\System32\gdi32full.dll
0x00007ff9365e0000 - 0x00007ff93667d000 	C:\Windows\System32\msvcp_win.dll
0x00007ff936a80000 - 0x00007ff936ab2000 	C:\Windows\System32\IMM32.DLL
0x00007ff905f00000 - 0x00007ff905f9b000 	C:\Program Files\Unity\Hub\Editor\2022.3.15f1\Editor\Data\PlaybackEngines\AndroidPlayer\OpenJDK\bin\msvcp140.dll
0x00007ff88f200000 - 0x00007ff88fd81000 	C:\Program Files\Unity\Hub\Editor\2022.3.15f1\Editor\Data\PlaybackEngines\AndroidPlayer\OpenJDK\bin\server\jvm.dll
0x00007ff936e30000 - 0x00007ff936ee3000 	C:\Windows\System32\ADVAPI32.dll
0x00007ff937b40000 - 0x00007ff937bdf000 	C:\Windows\System32\sechost.dll
0x00007ff937a10000 - 0x00007ff937b36000 	C:\Windows\System32\RPCRT4.dll
0x00007ff9365b0000 - 0x00007ff9365d7000 	C:\Windows\System32\bcrypt.dll
0x00007ff938520000 - 0x00007ff938528000 	C:\Windows\System32\PSAPI.DLL
0x00007ff932ad0000 - 0x00007ff932ad9000 	C:\Windows\SYSTEM32\WSOCK32.dll
0x00007ff92fda0000 - 0x00007ff92fdaa000 	C:\Windows\SYSTEM32\VERSION.dll
0x00007ff92d2e0000 - 0x00007ff92d307000 	C:\Windows\SYSTEM32\WINMM.dll
0x00007ff937730000 - 0x00007ff93779b000 	C:\Windows\System32\WS2_32.dll
0x00007ff933ec0000 - 0x00007ff933ed2000 	C:\Windows\SYSTEM32\kernel.appcore.dll
0x00007ff932ae0000 - 0x00007ff932af0000 	C:\Program Files\Unity\Hub\Editor\2022.3.15f1\Editor\Data\PlaybackEngines\AndroidPlayer\OpenJDK\bin\verify.dll
0x00007ff927d50000 - 0x00007ff927f34000 	C:\Windows\SYSTEM32\DBGHELP.DLL
0x00007ff916ff0000 - 0x00007ff917024000 	C:\Windows\SYSTEM32\dbgcore.DLL
0x00007ff935ff0000 - 0x00007ff936072000 	C:\Windows\System32\bcryptPrimitives.dll
0x00007ff91ddf0000 - 0x00007ff91de18000 	C:\Program Files\Unity\Hub\Editor\2022.3.15f1\Editor\Data\PlaybackEngines\AndroidPlayer\OpenJDK\bin\java.dll
0x00007ff931350000 - 0x00007ff93135a000 	C:\Program Files\Unity\Hub\Editor\2022.3.15f1\Editor\Data\PlaybackEngines\AndroidPlayer\OpenJDK\bin\jimage.dll
0x00007ff908480000 - 0x00007ff908498000 	C:\Program Files\Unity\Hub\Editor\2022.3.15f1\Editor\Data\PlaybackEngines\AndroidPlayer\OpenJDK\bin\zip.dll

dbghelp: loaded successfully - version: 4.0.5 - missing functions: none
symbol engine: initialized successfully - sym options: 0x614 - pdb path: .;C:\Program Files\Unity\Hub\Editor\2022.3.15f1\Editor\Data\PlaybackEngines\AndroidPlayer\OpenJDK\bin;C:\Windows\SYSTEM32;C:\Windows\WinSxS\amd64_microsoft.windows.common-controls_6595b64144ccf1df_6.0.19041.3636_none_60b6a03d71f818d5;C:\Program Files\Unity\Hub\Editor\2022.3.15f1\Editor\Data\PlaybackEngines\AndroidPlayer\OpenJDK\bin\server

VM Arguments:
java_command: <unknown>
java_class_path (initial): <not set>
Launcher Type: SUN_STANDARD

[Global flags]
     intx CICompilerCount                          = 12                                        {product} {ergonomic}
     uint ConcGCThreads                            = 3                                         {product} {ergonomic}
     uint G1ConcRefinementThreads                  = 13                                        {product} {ergonomic}
   size_t G1HeapRegionSize                         = 1048576                                   {product} {ergonomic}
    uintx GCDrainStackTargetSize                   = 64                                        {product} {ergonomic}
   size_t InitialHeapSize                          = 266338304                                 {product} {ergonomic}
   size_t MarkStackSize                            = 4194304                                   {product} {ergonomic}
   size_t MaxHeapSize                              = 4261412864                                {product} {ergonomic}
   size_t MinHeapDeltaBytes                        = 1048576                                   {product} {ergonomic}
    uintx NonNMethodCodeHeapSize                   = 7594288                                {pd product} {ergonomic}
    uintx NonProfiledCodeHeapSize                  = 122031976                              {pd product} {ergonomic}
    uintx ProfiledCodeHeapSize                     = 122031976                              {pd product} {ergonomic}
    uintx ReservedCodeCacheSize                    = 251658240                              {pd product} {ergonomic}
     bool SegmentedCodeCache                       = true                                      {product} {ergonomic}
     bool UseCompressedClassPointers               = true                                 {lp64_product} {ergonomic}
     bool UseCompressedOops                        = true                                 {lp64_product} {ergonomic}
     bool UseG1GC                                  = true                                      {product} {ergonomic}
     bool UseLargePagesIndividualAllocation        = false                                  {pd product} {ergonomic}

Logging:
Log output configuration:
 #0: stdout all=warning uptime,level,tags
 #1: stderr all=off uptime,level,tags

Environment Variables:
JAVA_HOME=C:/Program Files/Unity/Hub/Editor/2022.3.15f1/Editor/Data/PlaybackEngines/AndroidPlayer\OpenJDK
PATH=C:\Windows\system32;C:\Windows;C:\Windows\System32\Wbem;C:\Windows\System32\WindowsPowerShell\v1.0\;C:\Windows\System32\OpenSSH\;C:\Program Files\NVIDIA Corporation\NVIDIA NvDLISR;C:\Program Files (x86)\NVIDIA Corporation\PhysX\Common;C:\Program Files\Git\cmd;C:\Users\user\AppData\Local\Microsoft\WindowsApps;
USERNAME=user
OS=Windows_NT
PROCESSOR_IDENTIFIER=AMD64 Family 25 Model 80 Stepping 0, AuthenticAMD



---------------  S Y S T E M  ---------------

OS: Windows 10 , 64 bit Build 19041 (10.0.19041.3636)
OS uptime: 2 days 23:06 hours

CPU:total 16 (initial active 16) (16 cores per cpu, 2 threads per core) family 25 model 80 stepping 0 microcode 0x0, cmov, cx8, fxsr, mmx, sse, sse2, sse3, ssse3, sse4.1, sse4.2, popcnt, avx, avx2, aes, clmul, erms, mmxext, 3dnowpref, lzcnt, sse4a, ht, tsc, tscinvbit, tscinv, bmi1, bmi2, adx, sha, fma

Memory: 4k page, system-wide physical 16249M (4379M free)
TotalPageFile size 34984M (AvailPageFile size 75M)
current process WorkingSet (physical memory assigned to process): 14M, peak: 14M
current process commit charge ("private bytes"): 332M, peak: 332M

vm_info: OpenJDK 64-Bit Server VM (11.0.14.1+1) for windows-amd64 JRE (11.0.14.1+1), built on Feb  9 2022 01:48:27 by "" with unknown MS VC++:1916

END.
